Arguments: 
  /home/agustinac/.nvm/versions/node/v16.14.0/bin/node /usr/bin/yarn add axios

PATH: 
  /home/agustinac/.nvm/versions/node/v16.14.0/bin:/home/agustinac/software/node-v16.14.0-linux-x64/bin:/home/agustinac/.local/bin:/usr/local/sbin:/usr/local/bin:/usr/sbin:/usr/bin:/sbin:/bin:/usr/games:/usr/local/games:/snap/bin:/home/agustinac/software/config:/home/agustinac/Android/Sdk/emulator:/home/agustinac/Android/Sdk/tools:/home/agustinac/Android/Sdk/tools/bin:/home/agustinac/Android/Sdk/platform-tools

Yarn version: 
  1.22.17

Node version: 
  16.14.0

Platform: 
  linux x64

Trace: 
  SyntaxError: /home/agustinac/repos/cursoDockerEsfera/package.json: Unexpected token ] in JSON at position 1247
      at JSON.parse (<anonymous>)
      at /usr/lib/node_modules/yarn/lib/cli.js:1625:59
      at Generator.next (<anonymous>)
      at step (/usr/lib/node_modules/yarn/lib/cli.js:310:30)
      at /usr/lib/node_modules/yarn/lib/cli.js:321:13

npm manifest: 
  {
    "name": "curso-docker-esfera",
    "version": "1",
    "description": "ejercios para el curso de docker inicial de esfera",
    "main": "index.js",
    "author": "aallamano <agustin.allamano@grupoesfera.com.ar>",
    "license": "MIT",
    "engines": {
      "yarn": ">=1.22.17",
      "node": ">=16.14.0"
    },
    "keywords": [
      "api",
      "curso genial de docker",
      "davido y agus son los mejores",
      "que haces viendo este archivo ?",
      "curso de docker",
      "super curso esferico de docker"
    ],
    "scripts": {
      "build": "npx rimraf dist && npx tsc",
      "clean": "npx rimraf dist",
      "services:start": "docker-compose -f ./src/integration-tests/docker-compose.yml up -d",
      "services:stop": "docker-compose -f ./src/integration-tests/docker-compose.yml down",
      "runServer": "node ./dist/Server.js",
      "start": " yarn runServer",
      "test:all": "jest --coverage=false --detectOpenHandles"
    },
    "dependencies": {
     
    },
    "devDependencies": {
      
    },
    "jest": {
      "verbose": true,
      "moduleFileExtensions": [
        "js",
        "json",
        "ts"
      ],
      "roots": [
        "<rootDir>/src"
      ],
      "transformIgnorePatterns": [
        "/node_modules/"
      ],
      "collectCoverageFrom": [
        "<rootDir>/src/**/*.ts",
      ],
      "setupFiles": [
        "dotenv/config"
      ],
      "testRegex": ".*.test.ts$",
      "transform": {
        "^.+\\.(t|j)s$": "ts-jest"
      },
      "clearMocks": true,
      "testEnvironment": "node",
      "preset": "ts-jest",
      "collectCoverage": true,
      "coverageDirectory": "coverage",
      "coverageProvider": "v8"
    }
  }

yarn manifest: 
  No manifest

Lockfile: 
  # THIS IS AN AUTOGENERATED FILE. DO NOT EDIT THIS FILE DIRECTLY.
  # yarn lockfile v1
